生成启动时间为 2019/3/3 21:31:06。
     1>项目“E:\C语言\C语言实践\MyCode\第四章练习-多球反弹\第四章练习-多球反弹\第四章练习-多球反弹.vcxproj”在节点 2 上(build 个目标)。
     1>InitializeBuildStatus:
         正在创建“Debug\第四章练习-多球反弹.unsuccessfulbuild”，因为已指定“AlwaysCreate”。
       ClCompile:
         e:\Software\vs2010\install\VC\bin\CL.exe /c /ZI /nologo /W3 /WX- /Od /Oy- /D WIN32 /D _DEBUG /D _CONSOLE /D _UNICODE /D UNICODE /Gm /EHsc /RTC1 /MDd /GS /fp:precise /Zc:wchar_t /Zc:forScope /Fo"Debug\\" /Fd"Debug\vc100.pdb" /Gd /TP /analyze- /errorReport:prompt main.cpp
         main.cpp
     1>e:\c语言\c语言实践\mycode\第四章练习-多球反弹\第四章练习-多球反弹\main.cpp(21): warning C4244: “=”: 从“int”转换到“float”，可能丢失数据
     1>e:\c语言\c语言实践\mycode\第四章练习-多球反弹\第四章练习-多球反弹\main.cpp(22): warning C4244: “=”: 从“int”转换到“float”，可能丢失数据
     1>e:\c语言\c语言实践\mycode\第四章练习-多球反弹\第四章练习-多球反弹\main.cpp(35): warning C4244: “参数”: 从“float”转换到“int”，可能丢失数据
     1>e:\c语言\c语言实践\mycode\第四章练习-多球反弹\第四章练习-多球反弹\main.cpp(35): warning C4244: “参数”: 从“float”转换到“int”，可能丢失数据
     1>e:\c语言\c语言实践\mycode\第四章练习-多球反弹\第四章练习-多球反弹\main.cpp(35): warning C4244: “参数”: 从“float”转换到“int”，可能丢失数据
     1>e:\c语言\c语言实践\mycode\第四章练习-多球反弹\第四章练习-多球反弹\main.cpp(96): warning C4244: “=”: 从“int”转换到“float”，可能丢失数据
     1>e:\c语言\c语言实践\mycode\第四章练习-多球反弹\第四章练习-多球反弹\main.cpp(107): warning C4244: “=”: 从“float”转换到“int”，可能丢失数据
     1>e:\c语言\c语言实践\mycode\第四章练习-多球反弹\第四章练习-多球反弹\main.cpp(110): warning C4244: “=”: 从“float”转换到“int”，可能丢失数据
     1>e:\c语言\c语言实践\mycode\第四章练习-多球反弹\第四章练习-多球反弹\main.cpp(112): warning C4244: “=”: 从“int”转换到“float”，可能丢失数据
     1>e:\c语言\c语言实践\mycode\第四章练习-多球反弹\第四章练习-多球反弹\main.cpp(113): warning C4244: “=”: 从“float”转换到“int”，可能丢失数据
     1>e:\c语言\c语言实践\mycode\第四章练习-多球反弹\第四章练习-多球反弹\main.cpp(115): warning C4244: “=”: 从“int”转换到“float”，可能丢失数据
     1>e:\c语言\c语言实践\mycode\第四章练习-多球反弹\第四章练习-多球反弹\main.cpp(117): warning C4305: “=”: 从“int”到“float”截断
     1>e:\c语言\c语言实践\mycode\第四章练习-多球反弹\第四章练习-多球反弹\main.cpp(127): warning C4244: “参数”: 从“float”转换到“int”，可能丢失数据
     1>e:\c语言\c语言实践\mycode\第四章练习-多球反弹\第四章练习-多球反弹\main.cpp(127): warning C4244: “参数”: 从“float”转换到“int”，可能丢失数据
     1>e:\c语言\c语言实践\mycode\第四章练习-多球反弹\第四章练习-多球反弹\main.cpp(127): warning C4244: “参数”: 从“float”转换到“int”，可能丢失数据
       ManifestResourceCompile:
         所有输出均为最新。
       Link:
         e:\Software\vs2010\install\VC\bin\link.exe /ERRORREPORT:PROMPT /OUT:"E:\C语言\C语言实践\MyCode\第四章练习-多球反弹\Debug\第四章练习-多球反弹.exe" /INCREMENTAL /NOLOGO kernel32.lib user32.lib gdi32.lib winspool.lib comdlg32.lib advapi32.lib shell32.lib ole32.lib oleaut32.lib uuid.lib odbc32.lib odbccp32.lib /MANIFEST /ManifestFile:"Debug\第四章练习-多球反弹.exe.intermediate.manifest" /MANIFESTUAC:"level='asInvoker' uiAccess='false'" /DEBUG /PDB:"E:\C语言\C语言实践\MyCode\第四章练习-多球反弹\Debug\第四章练习-多球反弹.pdb" /SUBSYSTEM:CONSOLE /TLBID:1 /DYNAMICBASE /NXCOMPAT /IMPLIB:"E:\C语言\C语言实践\MyCode\第四章练习-多球反弹\Debug\第四章练习-多球反弹.lib" /MACHINE:X86 "Debug\第四章练习-多球反弹.exe.embed.manifest.res"
         Debug\main.obj
       Manifest:
         C:\Program Files (x86)\Microsoft SDKs\Windows\v7.0A\bin\mt.exe /nologo /verbose /out:"Debug\第四章练习-多球反弹.exe.embed.manifest" /manifest "Debug\第四章练习-多球反弹.exe.intermediate.manifest"
         所有输出均为最新。
       LinkEmbedManifest:
         所有输出均为最新。
         第四章练习-多球反弹.vcxproj -> E:\C语言\C语言实践\MyCode\第四章练习-多球反弹\Debug\第四章练习-多球反弹.exe
       FinalizeBuildStatus:
         正在删除文件“Debug\第四章练习-多球反弹.unsuccessfulbuild”。
         正在对“Debug\第四章练习-多球反弹.lastbuildstate”执行 Touch 任务。
     1>已完成生成项目“E:\C语言\C语言实践\MyCode\第四章练习-多球反弹\第四章练习-多球反弹\第四章练习-多球反弹.vcxproj”(build 个目标)的操作。

生成成功。

已用时间 00:00:00.89
