生成启动时间为 2019/2/20 21:49:29。
     1>项目“E:\C语言\C语言实践\MyCode\第一章练习\第一章练习\第一章练习.vcxproj”在节点 2 上(build 个目标)。
     1>InitializeBuildStatus:
         正在创建“Debug\第一章练习.unsuccessfulbuild”，因为已指定“AlwaysCreate”。
       ClCompile:
         e:\Software\vs2010\install\VC\bin\CL.exe /c /Zi /clr /nologo /W3 /WX- /Od /Oy- /D WIN32 /D _DEBUG /D _CONSOLE /D _UNICODE /D UNICODE /Gm- /EHa /MDd /GS /fp:precise /Zc:wchar_t /Zc:forScope /Fo"Debug\\" /Fd"Debug\vc100.pdb" /Gd /TP /FU"C:\Program Files (x86)\Reference Assemblies\Microsoft\Framework\.NETFramework\v4.0\System.Core.dll" /FU"C:\Program Files (x86)\Reference Assemblies\Microsoft\Framework\.NETFramework\v4.0\System.Data.dll" /FU"C:\Program Files (x86)\Reference Assemblies\Microsoft\Framework\.NETFramework\v4.0\System.dll" /FU"C:\Program Files (x86)\Reference Assemblies\Microsoft\Framework\.NETFramework\v4.0\System.Drawing.dll" /FU"C:\Program Files (x86)\Reference Assemblies\Microsoft\Framework\.NETFramework\v4.0\System.Windows.Forms.dll" /FU"C:\Program Files (x86)\Reference Assemblies\Microsoft\Framework\.NETFramework\v4.0\System.Xml.dll" /analyze- /errorReport:prompt main.cpp
         main.cpp
     1>c:\program files (x86)\reference assemblies\microsoft\framework\.netframework\v4.0\system.core.dll : warning C4945: “ExtensionAttribute”: 无法从“c:\program files (x86)\reference assemblies\microsoft\framework\.netframework\v4.0\system.core.dll”导入符号: 因为“System::Runtime::CompilerServices::ExtensionAttribute”已从另一个程序集“mscorlib”导入
                 c:\windows\microsoft.net\framework\v4.0.30319\mscorlib.dll : 参见“System::Runtime::CompilerServices::ExtensionAttribute”的声明
                 使用最先看到的类型；重新排列导入程序集的顺序以使用当前类型
                 在导入类型“System.Runtime.CompilerServices.ExtensionAttribute”(从程序集“System.Core, Version=4.0.0.0, Culture=neutral, PublicKeyToken=b77a5c561934e089”中导入)时发生此诊断。
     1>main.cpp(76): warning C4996: 'kbhit': The POSIX name for this item is deprecated. Instead, use the ISO C++ conformant name: _kbhit. See online help for details.
                 e:\Software\vs2010\install\VC\include\conio.h(130) : 参见“kbhit”的声明
     1>main.cpp(78): warning C4996: 'getch': The POSIX name for this item is deprecated. Instead, use the ISO C++ conformant name: _getch. See online help for details.
                 e:\Software\vs2010\install\VC\include\conio.h(128) : 参见“getch”的声明
       ManifestResourceCompile:
         所有输出均为最新。
       Link:
         e:\Software\vs2010\install\VC\bin\link.exe /ERRORREPORT:PROMPT /OUT:"E:\C语言\C语言实践\MyCode\第一章练习\Debug\第一章练习.exe" /INCREMENTAL /NOLOGO kernel32.lib user32.lib gdi32.lib winspool.lib comdlg32.lib advapi32.lib shell32.lib ole32.lib oleaut32.lib uuid.lib odbc32.lib odbccp32.lib /MANIFEST /ManifestFile:"Debug\第一章练习.exe.intermediate.manifest" /MANIFESTUAC:"level='asInvoker' uiAccess='false'" /DEBUG /PDB:"E:\C语言\C语言实践\MyCode\第一章练习\Debug\第一章练习.pdb" /SUBSYSTEM:CONSOLE /TLBID:1 /DYNAMICBASE /NXCOMPAT /IMPLIB:"E:\C语言\C语言实践\MyCode\第一章练习\Debug\第一章练习.lib" /MACHINE:X86 "Debug\第一章练习.exe.embed.manifest.res"
         Debug\main.obj
       Manifest:
         C:\Program Files (x86)\Microsoft SDKs\Windows\v7.0A\bin\mt.exe /nologo /verbose /out:"Debug\第一章练习.exe.embed.manifest" /manifest "Debug\第一章练习.exe.intermediate.manifest"
         所有输出均为最新。
       LinkEmbedManifest:
         所有输出均为最新。
         第一章练习.vcxproj -> E:\C语言\C语言实践\MyCode\第一章练习\Debug\第一章练习.exe
       FinalizeBuildStatus:
         正在删除文件“Debug\第一章练习.unsuccessfulbuild”。
         正在对“Debug\第一章练习.lastbuildstate”执行 Touch 任务。
     1>已完成生成项目“E:\C语言\C语言实践\MyCode\第一章练习\第一章练习\第一章练习.vcxproj”(build 个目标)的操作。

生成成功。

已用时间 00:00:01.65
