生成启动时间为 2019/3/5 20:55:42。
     1>项目“E:\C语言\C语言实践\MyCode\第四章练习-实时钟表\第四章练习-实时钟表\第四章练习-实时钟表.vcxproj”在节点 2 上(build 个目标)。
     1>InitializeBuildStatus:
         正在创建“Debug\第四章练习-实时钟表.unsuccessfulbuild”，因为已指定“AlwaysCreate”。
       ClCompile:
         e:\Software\vs2010\install\VC\bin\CL.exe /c /ZI /nologo /W3 /WX- /Od /Oy- /D WIN32 /D _DEBUG /D _CONSOLE /D _UNICODE /D UNICODE /Gm /EHsc /RTC1 /MDd /GS /fp:precise /Zc:wchar_t /Zc:forScope /Fo"Debug\\" /Fd"Debug\vc100.pdb" /Gd /TP /analyze- /errorReport:prompt main.cpp
         main.cpp
     1>e:\c语言\c语言实践\mycode\第四章练习-实时钟表\第四章练习-实时钟表\main.cpp(63): warning C4244: “=”: 从“double”转换到“float”，可能丢失数据
     1>e:\c语言\c语言实践\mycode\第四章练习-实时钟表\第四章练习-实时钟表\main.cpp(64): warning C4244: “=”: 从“double”转换到“float”，可能丢失数据
     1>e:\c语言\c语言实践\mycode\第四章练习-实时钟表\第四章练习-实时钟表\main.cpp(67): warning C4244: “=”: 从“double”转换到“float”，可能丢失数据
     1>e:\c语言\c语言实践\mycode\第四章练习-实时钟表\第四章练习-实时钟表\main.cpp(71): warning C4244: “=”: 从“double”转换到“float”，可能丢失数据
     1>e:\c语言\c语言实践\mycode\第四章练习-实时钟表\第四章练习-实时钟表\main.cpp(75): warning C4244: “=”: 从“float”转换到“int”，可能丢失数据
     1>e:\c语言\c语言实践\mycode\第四章练习-实时钟表\第四章练习-实时钟表\main.cpp(76): warning C4244: “=”: 从“float”转换到“int”，可能丢失数据
     1>e:\c语言\c语言实践\mycode\第四章练习-实时钟表\第四章练习-实时钟表\main.cpp(79): warning C4244: “=”: 从“float”转换到“int”，可能丢失数据
     1>e:\c语言\c语言实践\mycode\第四章练习-实时钟表\第四章练习-实时钟表\main.cpp(80): warning C4244: “=”: 从“float”转换到“int”，可能丢失数据
     1>e:\c语言\c语言实践\mycode\第四章练习-实时钟表\第四章练习-实时钟表\main.cpp(83): warning C4244: “=”: 从“float”转换到“int”，可能丢失数据
     1>e:\c语言\c语言实践\mycode\第四章练习-实时钟表\第四章练习-实时钟表\main.cpp(84): warning C4244: “=”: 从“float”转换到“int”，可能丢失数据
     1>e:\c语言\c语言实践\mycode\第四章练习-实时钟表\第四章练习-实时钟表\main.cpp(114): warning C4996: 'getch': The POSIX name for this item is deprecated. Instead, use the ISO C++ conformant name: _getch. See online help for details.
                 e:\software\vs2010\install\vc\include\conio.h(128) : 参见“getch”的声明
       ManifestResourceCompile:
         所有输出均为最新。
       Link:
         e:\Software\vs2010\install\VC\bin\link.exe /ERRORREPORT:PROMPT /OUT:"E:\C语言\C语言实践\MyCode\第四章练习-实时钟表\Debug\第四章练习-实时钟表.exe" /INCREMENTAL /NOLOGO kernel32.lib user32.lib gdi32.lib winspool.lib comdlg32.lib advapi32.lib shell32.lib ole32.lib oleaut32.lib uuid.lib odbc32.lib odbccp32.lib /MANIFEST /ManifestFile:"Debug\第四章练习-实时钟表.exe.intermediate.manifest" /MANIFESTUAC:"level='asInvoker' uiAccess='false'" /DEBUG /PDB:"E:\C语言\C语言实践\MyCode\第四章练习-实时钟表\Debug\第四章练习-实时钟表.pdb" /SUBSYSTEM:CONSOLE /TLBID:1 /DYNAMICBASE /NXCOMPAT /IMPLIB:"E:\C语言\C语言实践\MyCode\第四章练习-实时钟表\Debug\第四章练习-实时钟表.lib" /MACHINE:X86 "Debug\第四章练习-实时钟表.exe.embed.manifest.res"
         Debug\main.obj
       Manifest:
         C:\Program Files (x86)\Microsoft SDKs\Windows\v7.0A\bin\mt.exe /nologo /verbose /out:"Debug\第四章练习-实时钟表.exe.embed.manifest" /manifest "Debug\第四章练习-实时钟表.exe.intermediate.manifest"
         所有输出均为最新。
       LinkEmbedManifest:
         所有输出均为最新。
         第四章练习-实时钟表.vcxproj -> E:\C语言\C语言实践\MyCode\第四章练习-实时钟表\Debug\第四章练习-实时钟表.exe
       FinalizeBuildStatus:
         正在删除文件“Debug\第四章练习-实时钟表.unsuccessfulbuild”。
         正在对“Debug\第四章练习-实时钟表.lastbuildstate”执行 Touch 任务。
     1>已完成生成项目“E:\C语言\C语言实践\MyCode\第四章练习-实时钟表\第四章练习-实时钟表\第四章练习-实时钟表.vcxproj”(build 个目标)的操作。

生成成功。

已用时间 00:00:01.02
